mode: set
github.com/stephenirven/go-postgis/main.go:23.13,25.16 2 0
github.com/stephenirven/go-postgis/main.go:25.16,27.3 1 0
github.com/stephenirven/go-postgis/main.go:28.2,28.30 1 0
github.com/stephenirven/go-postgis/main.go:31.13,34.16 2 0
github.com/stephenirven/go-postgis/main.go:34.16,36.3 1 0
github.com/stephenirven/go-postgis/main.go:37.2,42.38 4 0
github.com/stephenirven/go-postgis/main.go:46.28,50.16 2 0
github.com/stephenirven/go-postgis/main.go:50.16,52.3 1 0
github.com/stephenirven/go-postgis/main.go:54.2,54.41 1 0
github.com/stephenirven/go-postgis/main.go:57.53,63.16 3 0
github.com/stephenirven/go-postgis/main.go:63.16,65.3 1 0
github.com/stephenirven/go-postgis/main.go:67.2,67.27 1 0
github.com/stephenirven/go-postgis/main.go:67.27,71.8 2 0
github.com/stephenirven/go-postgis/main.go:75.39,80.16 3 0
github.com/stephenirven/go-postgis/main.go:80.16,83.3 2 0
github.com/stephenirven/go-postgis/main.go:86.42,89.16 2 0
github.com/stephenirven/go-postgis/main.go:89.16,91.3 1 0
github.com/stephenirven/go-postgis/main.go:92.2,92.13 1 0
github.com/stephenirven/go-postgis/util/random.go:10.14,14.2 0 0
github.com/stephenirven/go-postgis/util/random.go:16.38,18.2 1 0
github.com/stephenirven/go-postgis/util/random.go:20.33,25.25 3 0
github.com/stephenirven/go-postgis/util/random.go:25.25,28.3 2 0
github.com/stephenirven/go-postgis/util/random.go:29.2,29.20 1 0
github.com/stephenirven/go-postgis/util/random.go:32.27,34.2 1 0
github.com/stephenirven/go-postgis/util/random.go:36.26,38.2 1 0
github.com/stephenirven/go-postgis/util/random.go:40.30,44.2 3 0
github.com/stephenirven/go-postgis/db/sqlc/db.go:19.28,21.2 1 1
github.com/stephenirven/go-postgis/db/sqlc/db.go:27.47,31.2 1 0
github.com/stephenirven/go-postgis/db/sqlc/gis.sql.go:23.96,28.2 4 0
github.com/stephenirven/go-postgis/db/sqlc/gis.sql.go:35.70,38.2 2 0
github.com/stephenirven/go-postgis/db/sqlc/gis.sql.go:45.81,47.16 2 0
github.com/stephenirven/go-postgis/db/sqlc/gis.sql.go:47.16,49.3 1 0
github.com/stephenirven/go-postgis/db/sqlc/gis.sql.go:50.2,52.18 3 0
github.com/stephenirven/go-postgis/db/sqlc/gis.sql.go:52.18,54.41 2 0
github.com/stephenirven/go-postgis/db/sqlc/gis.sql.go:54.41,56.4 1 0
github.com/stephenirven/go-postgis/db/sqlc/gis.sql.go:57.3,57.29 1 0
github.com/stephenirven/go-postgis/db/sqlc/gis.sql.go:59.2,59.37 1 0
github.com/stephenirven/go-postgis/db/sqlc/gis.sql.go:59.37,61.3 1 0
github.com/stephenirven/go-postgis/db/sqlc/gis.sql.go:62.2,62.35 1 0
github.com/stephenirven/go-postgis/db/sqlc/gis.sql.go:62.35,64.3 1 0
github.com/stephenirven/go-postgis/db/sqlc/gis.sql.go:65.2,65.19 1 0
github.com/stephenirven/go-postgis/db/sqlc/gis.sql.go:74.86,79.2 4 0
github.com/stephenirven/go-postgis/db/sqlc/gis.sql.go:101.130,108.16 2 0
github.com/stephenirven/go-postgis/db/sqlc/gis.sql.go:108.16,110.3 1 0
github.com/stephenirven/go-postgis/db/sqlc/gis.sql.go:111.2,113.18 3 0
github.com/stephenirven/go-postgis/db/sqlc/gis.sql.go:113.18,115.41 2 0
github.com/stephenirven/go-postgis/db/sqlc/gis.sql.go:115.41,117.4 1 0
github.com/stephenirven/go-postgis/db/sqlc/gis.sql.go:118.3,118.29 1 0
github.com/stephenirven/go-postgis/db/sqlc/gis.sql.go:120.2,120.37 1 0
github.com/stephenirven/go-postgis/db/sqlc/gis.sql.go:120.37,122.3 1 0
github.com/stephenirven/go-postgis/db/sqlc/gis.sql.go:123.2,123.35 1 0
github.com/stephenirven/go-postgis/db/sqlc/gis.sql.go:123.35,125.3 1 0
github.com/stephenirven/go-postgis/db/sqlc/gis.sql.go:126.2,126.19 1 0
github.com/stephenirven/go-postgis/db/sqlc/location.sql.go:30.99,47.2 4 0
github.com/stephenirven/go-postgis/db/sqlc/location.sql.go:54.71,57.2 2 0
github.com/stephenirven/go-postgis/db/sqlc/location.sql.go:86.86,102.2 4 0
github.com/stephenirven/go-postgis/db/sqlc/location.sql.go:132.104,148.2 4 0
github.com/stephenirven/go-postgis/db/sqlc/location.sql.go:175.80,177.16 2 0
github.com/stephenirven/go-postgis/db/sqlc/location.sql.go:177.16,179.3 1 0
github.com/stephenirven/go-postgis/db/sqlc/location.sql.go:180.2,182.18 3 0
github.com/stephenirven/go-postgis/db/sqlc/location.sql.go:182.18,195.17 2 0
github.com/stephenirven/go-postgis/db/sqlc/location.sql.go:195.17,197.4 1 0
github.com/stephenirven/go-postgis/db/sqlc/location.sql.go:198.3,198.27 1 0
github.com/stephenirven/go-postgis/db/sqlc/location.sql.go:200.2,200.37 1 0
github.com/stephenirven/go-postgis/db/sqlc/location.sql.go:200.37,202.3 1 0
github.com/stephenirven/go-postgis/db/sqlc/location.sql.go:203.2,203.35 1 0
github.com/stephenirven/go-postgis/db/sqlc/location.sql.go:203.35,205.3 1 0
github.com/stephenirven/go-postgis/db/sqlc/location.sql.go:206.2,206.19 1 0
github.com/stephenirven/go-postgis/db/sqlc/location.sql.go:250.149,257.16 2 0
github.com/stephenirven/go-postgis/db/sqlc/location.sql.go:257.16,259.3 1 0
github.com/stephenirven/go-postgis/db/sqlc/location.sql.go:260.2,262.18 3 0
github.com/stephenirven/go-postgis/db/sqlc/location.sql.go:262.18,275.17 2 0
github.com/stephenirven/go-postgis/db/sqlc/location.sql.go:275.17,277.4 1 0
github.com/stephenirven/go-postgis/db/sqlc/location.sql.go:278.3,278.27 1 0
github.com/stephenirven/go-postgis/db/sqlc/location.sql.go:280.2,280.37 1 0
github.com/stephenirven/go-postgis/db/sqlc/location.sql.go:280.37,282.3 1 0
github.com/stephenirven/go-postgis/db/sqlc/location.sql.go:283.2,283.35 1 0
github.com/stephenirven/go-postgis/db/sqlc/location.sql.go:283.35,285.3 1 0
github.com/stephenirven/go-postgis/db/sqlc/location.sql.go:286.2,286.19 1 0
github.com/stephenirven/go-postgis/db/sqlc/organisation.sql.go:27.111,37.2 4 0
github.com/stephenirven/go-postgis/db/sqlc/organisation.sql.go:44.75,47.2 2 0
github.com/stephenirven/go-postgis/db/sqlc/organisation.sql.go:54.88,64.2 4 0
github.com/stephenirven/go-postgis/db/sqlc/organisation.sql.go:72.97,82.2 4 0
github.com/stephenirven/go-postgis/db/sqlc/organisation.sql.go:100.111,102.16 2 0
github.com/stephenirven/go-postgis/db/sqlc/organisation.sql.go:102.16,104.3 1 0
github.com/stephenirven/go-postgis/db/sqlc/organisation.sql.go:105.2,107.18 3 0
github.com/stephenirven/go-postgis/db/sqlc/organisation.sql.go:107.18,114.17 2 0
github.com/stephenirven/go-postgis/db/sqlc/organisation.sql.go:114.17,116.4 1 0
github.com/stephenirven/go-postgis/db/sqlc/organisation.sql.go:117.3,117.27 1 0
github.com/stephenirven/go-postgis/db/sqlc/organisation.sql.go:119.2,119.37 1 0
github.com/stephenirven/go-postgis/db/sqlc/organisation.sql.go:119.37,121.3 1 0
github.com/stephenirven/go-postgis/db/sqlc/organisation.sql.go:122.2,122.35 1 0
github.com/stephenirven/go-postgis/db/sqlc/organisation.sql.go:122.35,124.3 1 0
github.com/stephenirven/go-postgis/db/sqlc/organisation.sql.go:125.2,125.19 1 0
github.com/stephenirven/go-postgis/db/sqlc/organisation.sql.go:142.111,152.2 4 0
github.com/stephenirven/go-postgis/db/sqlc/store.go:15.34,20.2 1 0
github.com/stephenirven/go-postgis/db/sqlc/store.go:22.80,24.16 2 0
github.com/stephenirven/go-postgis/db/sqlc/store.go:24.16,26.3 1 0
github.com/stephenirven/go-postgis/db/sqlc/store.go:27.2,29.16 3 0
github.com/stephenirven/go-postgis/db/sqlc/store.go:29.16,31.43 1 0
github.com/stephenirven/go-postgis/db/sqlc/store.go:31.43,33.4 1 0
github.com/stephenirven/go-postgis/db/sqlc/store.go:34.3,34.41 1 0
github.com/stephenirven/go-postgis/db/sqlc/store.go:36.2,36.20 1 0
github.com/stephenirven/go-postgis/geo/circular_string.go:26.62,28.2 1 1
github.com/stephenirven/go-postgis/geo/circular_string.go:31.41,36.29 5 0
github.com/stephenirven/go-postgis/geo/circular_string.go:36.29,39.3 2 0
github.com/stephenirven/go-postgis/geo/circular_string.go:41.2,42.20 2 0
github.com/stephenirven/go-postgis/geo/circular_string.go:46.52,48.2 1 1
github.com/stephenirven/go-postgis/geo/circular_string.go:54.60,56.33 1 1
github.com/stephenirven/go-postgis/geo/circular_string.go:56.33,58.3 1 0
github.com/stephenirven/go-postgis/geo/circular_string.go:59.2,62.16 4 1
github.com/stephenirven/go-postgis/geo/circular_string.go:68.94,72.17 3 1
github.com/stephenirven/go-postgis/geo/circular_string.go:72.17,74.3 1 0
github.com/stephenirven/go-postgis/geo/circular_string.go:75.2,76.31 2 1
github.com/stephenirven/go-postgis/geo/circular_string.go:76.31,78.3 1 0
github.com/stephenirven/go-postgis/geo/circular_string.go:81.2,81.34 1 1
github.com/stephenirven/go-postgis/geo/circular_string.go:81.34,84.17 2 1
github.com/stephenirven/go-postgis/geo/circular_string.go:84.17,86.4 1 0
github.com/stephenirven/go-postgis/geo/circular_string.go:87.3,87.40 1 1
github.com/stephenirven/go-postgis/geo/circular_string.go:89.2,89.49 1 1
github.com/stephenirven/go-postgis/geo/circular_string.go:89.49,91.3 1 0
github.com/stephenirven/go-postgis/geo/circular_string.go:93.2,93.17 1 1
github.com/stephenirven/go-postgis/geo/circular_string.go:97.67,101.20 2 1
github.com/stephenirven/go-postgis/geo/circular_string.go:101.20,105.3 3 1
github.com/stephenirven/go-postgis/geo/circular_string.go:108.2,112.29 3 1
github.com/stephenirven/go-postgis/geo/circular_string.go:112.29,115.3 2 1
github.com/stephenirven/go-postgis/geo/circular_string.go:116.2,116.13 1 1
github.com/stephenirven/go-postgis/geo/compound_curve.go:22.61,24.2 1 0
github.com/stephenirven/go-postgis/geo/compound_curve.go:27.40,32.31 5 0
github.com/stephenirven/go-postgis/geo/compound_curve.go:32.31,35.3 2 0
github.com/stephenirven/go-postgis/geo/compound_curve.go:37.2,38.20 2 0
github.com/stephenirven/go-postgis/geo/compound_curve.go:41.51,43.2 1 0
github.com/stephenirven/go-postgis/geo/compound_curve.go:46.51,48.2 1 0
github.com/stephenirven/go-postgis/geo/compound_curve.go:51.49,54.2 2 1
github.com/stephenirven/go-postgis/geo/compound_curve.go:56.61,57.60 1 1
github.com/stephenirven/go-postgis/geo/compound_curve.go:57.60,59.3 1 0
github.com/stephenirven/go-postgis/geo/compound_curve.go:60.2,60.27 1 1
github.com/stephenirven/go-postgis/geo/compound_curve.go:60.27,62.3 1 0
github.com/stephenirven/go-postgis/geo/compound_curve.go:63.2,64.12 2 1
github.com/stephenirven/go-postgis/geo/compound_curve.go:67.69,68.60 1 1
github.com/stephenirven/go-postgis/geo/compound_curve.go:68.60,70.3 1 0
github.com/stephenirven/go-postgis/geo/compound_curve.go:71.2,71.27 1 1
github.com/stephenirven/go-postgis/geo/compound_curve.go:71.27,73.3 1 1
github.com/stephenirven/go-postgis/geo/compound_curve.go:74.2,76.12 2 1
github.com/stephenirven/go-postgis/geo/compound_curve.go:80.97,84.22 3 1
github.com/stephenirven/go-postgis/geo/compound_curve.go:84.22,86.3 1 0
github.com/stephenirven/go-postgis/geo/compound_curve.go:87.2,89.34 2 1
github.com/stephenirven/go-postgis/geo/compound_curve.go:89.34,98.18 5 1
github.com/stephenirven/go-postgis/geo/compound_curve.go:100.23,102.18 2 1
github.com/stephenirven/go-postgis/geo/compound_curve.go:102.18,104.5 1 0
github.com/stephenirven/go-postgis/geo/compound_curve.go:106.27,108.18 2 1
github.com/stephenirven/go-postgis/geo/compound_curve.go:108.18,110.5 1 0
github.com/stephenirven/go-postgis/geo/compound_curve.go:112.3,112.68 1 1
github.com/stephenirven/go-postgis/geo/compound_curve.go:115.2,115.28 1 1
github.com/stephenirven/go-postgis/geo/compound_curve.go:119.67,123.20 2 1
github.com/stephenirven/go-postgis/geo/compound_curve.go:123.20,127.3 3 1
github.com/stephenirven/go-postgis/geo/compound_curve.go:129.2,132.32 3 1
github.com/stephenirven/go-postgis/geo/compound_curve.go:132.32,136.24 3 1
github.com/stephenirven/go-postgis/geo/compound_curve.go:137.24,138.74 1 1
github.com/stephenirven/go-postgis/geo/compound_curve.go:139.20,140.70 1 1
github.com/stephenirven/go-postgis/geo/compound_curve.go:141.11,142.86 1 0
github.com/stephenirven/go-postgis/geo/compound_curve.go:144.3,146.18 3 1
github.com/stephenirven/go-postgis/geo/compound_curve.go:149.2,149.13 1 1
github.com/stephenirven/go-postgis/geo/curve_polygon.go:22.60,24.2 1 1
github.com/stephenirven/go-postgis/geo/curve_polygon.go:27.50,29.2 1 1
github.com/stephenirven/go-postgis/geo/curve_polygon.go:32.39,37.31 5 0
github.com/stephenirven/go-postgis/geo/curve_polygon.go:37.31,40.3 2 0
github.com/stephenirven/go-postgis/geo/curve_polygon.go:42.2,43.20 2 0
github.com/stephenirven/go-postgis/geo/curve_polygon.go:47.38,50.2 2 1
github.com/stephenirven/go-postgis/geo/curve_polygon.go:52.68,53.60 1 1
github.com/stephenirven/go-postgis/geo/curve_polygon.go:53.60,55.3 1 0
github.com/stephenirven/go-postgis/geo/curve_polygon.go:56.2,56.27 1 1
github.com/stephenirven/go-postgis/geo/curve_polygon.go:56.27,58.3 1 1
github.com/stephenirven/go-postgis/geo/curve_polygon.go:59.2,61.12 2 1
github.com/stephenirven/go-postgis/geo/curve_polygon.go:64.66,65.60 1 1
github.com/stephenirven/go-postgis/geo/curve_polygon.go:65.60,67.3 1 0
github.com/stephenirven/go-postgis/geo/curve_polygon.go:68.2,68.27 1 1
github.com/stephenirven/go-postgis/geo/curve_polygon.go:68.27,70.3 1 0
github.com/stephenirven/go-postgis/geo/curve_polygon.go:71.2,72.12 2 1
github.com/stephenirven/go-postgis/geo/curve_polygon.go:75.60,76.60 1 1
github.com/stephenirven/go-postgis/geo/curve_polygon.go:76.60,78.3 1 0
github.com/stephenirven/go-postgis/geo/curve_polygon.go:79.2,79.27 1 1
github.com/stephenirven/go-postgis/geo/curve_polygon.go:79.27,81.3 1 0
github.com/stephenirven/go-postgis/geo/curve_polygon.go:82.2,83.12 2 1
github.com/stephenirven/go-postgis/geo/curve_polygon.go:87.90,91.17 3 1
github.com/stephenirven/go-postgis/geo/curve_polygon.go:91.17,93.3 1 0
github.com/stephenirven/go-postgis/geo/curve_polygon.go:94.2,96.34 2 1
github.com/stephenirven/go-postgis/geo/curve_polygon.go:96.34,106.18 5 1
github.com/stephenirven/go-postgis/geo/curve_polygon.go:108.27,110.18 2 1
github.com/stephenirven/go-postgis/geo/curve_polygon.go:110.18,112.5 1 0
github.com/stephenirven/go-postgis/geo/curve_polygon.go:114.26,116.18 2 1
github.com/stephenirven/go-postgis/geo/curve_polygon.go:116.18,118.5 1 0
github.com/stephenirven/go-postgis/geo/curve_polygon.go:120.23,122.18 2 1
github.com/stephenirven/go-postgis/geo/curve_polygon.go:122.18,124.5 1 0
github.com/stephenirven/go-postgis/geo/curve_polygon.go:127.3,127.66 1 1
github.com/stephenirven/go-postgis/geo/curve_polygon.go:131.2,131.27 1 1
github.com/stephenirven/go-postgis/geo/curve_polygon.go:135.66,139.20 2 1
github.com/stephenirven/go-postgis/geo/curve_polygon.go:139.20,143.3 3 1
github.com/stephenirven/go-postgis/geo/curve_polygon.go:145.2,148.32 3 1
github.com/stephenirven/go-postgis/geo/curve_polygon.go:148.32,154.24 3 1
github.com/stephenirven/go-postgis/geo/curve_polygon.go:155.24,156.74 1 1
github.com/stephenirven/go-postgis/geo/curve_polygon.go:157.23,158.73 1 1
github.com/stephenirven/go-postgis/geo/curve_polygon.go:159.20,160.70 1 1
github.com/stephenirven/go-postgis/geo/curve_polygon.go:161.11,162.102 1 0
github.com/stephenirven/go-postgis/geo/curve_polygon.go:164.3,166.18 3 1
github.com/stephenirven/go-postgis/geo/curve_polygon.go:169.2,169.13 1 1
github.com/stephenirven/go-postgis/geo/geometry_collection.go:20.66,22.2 1 1
github.com/stephenirven/go-postgis/geo/geometry_collection.go:25.45,30.34 5 0
github.com/stephenirven/go-postgis/geo/geometry_collection.go:30.34,33.3 2 0
github.com/stephenirven/go-postgis/geo/geometry_collection.go:35.2,36.20 2 0
github.com/stephenirven/go-postgis/geo/geometry_collection.go:40.56,42.2 1 1
github.com/stephenirven/go-postgis/geo/geometry_collection.go:46.78,49.17 3 1
github.com/stephenirven/go-postgis/geo/geometry_collection.go:49.17,51.3 1 0
github.com/stephenirven/go-postgis/geo/geometry_collection.go:53.2,55.17 2 1
github.com/stephenirven/go-postgis/geo/geometry_collection.go:59.102,63.17 3 1
github.com/stephenirven/go-postgis/geo/geometry_collection.go:63.17,65.3 1 0
github.com/stephenirven/go-postgis/geo/geometry_collection.go:66.2,68.34 2 1
github.com/stephenirven/go-postgis/geo/geometry_collection.go:68.34,76.43 5 1
github.com/stephenirven/go-postgis/geo/geometry_collection.go:76.43,78.4 1 0
github.com/stephenirven/go-postgis/geo/geometry_collection.go:80.3,83.18 3 1
github.com/stephenirven/go-postgis/geo/geometry_collection.go:84.18,86.18 2 1
github.com/stephenirven/go-postgis/geo/geometry_collection.go:86.18,88.5 1 0
github.com/stephenirven/go-postgis/geo/geometry_collection.go:89.23,91.18 2 1
github.com/stephenirven/go-postgis/geo/geometry_collection.go:91.18,93.5 1 0
github.com/stephenirven/go-postgis/geo/geometry_collection.go:94.20,96.18 2 1
github.com/stephenirven/go-postgis/geo/geometry_collection.go:96.18,98.5 1 0
github.com/stephenirven/go-postgis/geo/geometry_collection.go:99.23,101.18 2 1
github.com/stephenirven/go-postgis/geo/geometry_collection.go:101.18,103.5 1 0
github.com/stephenirven/go-postgis/geo/geometry_collection.go:104.28,106.18 2 1
github.com/stephenirven/go-postgis/geo/geometry_collection.go:106.18,108.5 1 0
github.com/stephenirven/go-postgis/geo/geometry_collection.go:109.25,111.18 2 1
github.com/stephenirven/go-postgis/geo/geometry_collection.go:111.18,113.5 1 0
github.com/stephenirven/go-postgis/geo/geometry_collection.go:114.27,116.18 2 1
github.com/stephenirven/go-postgis/geo/geometry_collection.go:116.18,118.5 1 0
github.com/stephenirven/go-postgis/geo/geometry_collection.go:119.26,121.18 2 1
github.com/stephenirven/go-postgis/geo/geometry_collection.go:121.18,123.5 1 0
github.com/stephenirven/go-postgis/geo/geometry_collection.go:124.25,126.18 2 1
github.com/stephenirven/go-postgis/geo/geometry_collection.go:126.18,128.5 1 0
github.com/stephenirven/go-postgis/geo/geometry_collection.go:129.23,131.18 2 1
github.com/stephenirven/go-postgis/geo/geometry_collection.go:131.18,133.5 1 0
github.com/stephenirven/go-postgis/geo/geometry_collection.go:134.25,136.18 2 1
github.com/stephenirven/go-postgis/geo/geometry_collection.go:136.18,138.5 1 0
github.com/stephenirven/go-postgis/geo/geometry_collection.go:139.30,141.18 2 1
github.com/stephenirven/go-postgis/geo/geometry_collection.go:141.18,143.5 1 0
github.com/stephenirven/go-postgis/geo/geometry_collection.go:144.16,146.18 2 1
github.com/stephenirven/go-postgis/geo/geometry_collection.go:146.18,148.5 1 0
github.com/stephenirven/go-postgis/geo/geometry_collection.go:149.21,151.18 2 1
github.com/stephenirven/go-postgis/geo/geometry_collection.go:151.18,153.5 1 0
github.com/stephenirven/go-postgis/geo/geometry_collection.go:156.3,156.85 1 1
github.com/stephenirven/go-postgis/geo/geometry_collection.go:159.2,159.33 1 1
github.com/stephenirven/go-postgis/geo/geometry_collection.go:163.72,167.20 2 1
github.com/stephenirven/go-postgis/geo/geometry_collection.go:167.20,171.3 3 0
github.com/stephenirven/go-postgis/geo/geometry_collection.go:174.2,178.32 3 1
github.com/stephenirven/go-postgis/geo/geometry_collection.go:178.32,181.3 2 1
github.com/stephenirven/go-postgis/geo/geometry_collection.go:182.2,182.13 1 1
github.com/stephenirven/go-postgis/geo/gis_geometry.go:32.37,33.11 1 1
github.com/stephenirven/go-postgis/geo/gis_geometry.go:34.10,35.14 1 1
github.com/stephenirven/go-postgis/geo/gis_geometry.go:36.11,37.15 1 1
github.com/stephenirven/go-postgis/geo/gis_geometry.go:38.11,39.15 1 1
github.com/stephenirven/go-postgis/geo/gis_geometry.go:40.12,41.16 1 1
github.com/stephenirven/go-postgis/geo/gis_geometry.go:42.10,43.53 1 0
github.com/stephenirven/go-postgis/geo/gis_geometry.go:64.38,76.2 9 0
github.com/stephenirven/go-postgis/geo/gis_geometry.go:101.42,102.11 1 0
github.com/stephenirven/go-postgis/geo/gis_geometry.go:103.17,104.21 1 0
github.com/stephenirven/go-postgis/geo/gis_geometry.go:105.22,106.26 1 0
github.com/stephenirven/go-postgis/geo/gis_geometry.go:107.19,108.23 1 0
github.com/stephenirven/go-postgis/geo/gis_geometry.go:109.22,110.26 1 0
github.com/stephenirven/go-postgis/geo/gis_geometry.go:111.27,112.31 1 0
github.com/stephenirven/go-postgis/geo/gis_geometry.go:113.24,114.28 1 0
github.com/stephenirven/go-postgis/geo/gis_geometry.go:115.30,116.34 1 0
github.com/stephenirven/go-postgis/geo/gis_geometry.go:117.26,118.30 1 0
github.com/stephenirven/go-postgis/geo/gis_geometry.go:119.25,120.29 1 0
github.com/stephenirven/go-postgis/geo/gis_geometry.go:121.24,122.28 1 0
github.com/stephenirven/go-postgis/geo/gis_geometry.go:123.22,124.26 1 0
github.com/stephenirven/go-postgis/geo/gis_geometry.go:125.24,126.28 1 0
github.com/stephenirven/go-postgis/geo/gis_geometry.go:127.29,128.33 1 0
github.com/stephenirven/go-postgis/geo/gis_geometry.go:129.15,130.19 1 0
github.com/stephenirven/go-postgis/geo/gis_geometry.go:131.20,132.24 1 0
github.com/stephenirven/go-postgis/geo/gis_geometry.go:133.15,134.19 1 0
github.com/stephenirven/go-postgis/geo/gis_geometry.go:135.10,136.19 1 0
github.com/stephenirven/go-postgis/geo/gis_geometry.go:147.36,148.11 1 0
github.com/stephenirven/go-postgis/geo/gis_geometry.go:149.20,150.24 1 0
github.com/stephenirven/go-postgis/geo/gis_geometry.go:151.17,152.21 1 0
github.com/stephenirven/go-postgis/geo/gis_geometry.go:153.10,154.19 1 0
github.com/stephenirven/go-postgis/geo/gis_geometry.go:167.86,172.20 3 1
github.com/stephenirven/go-postgis/geo/gis_geometry.go:173.12,174.36 1 0
github.com/stephenirven/go-postgis/geo/gis_geometry.go:175.11,176.31 1 0
github.com/stephenirven/go-postgis/geo/gis_geometry.go:177.11,178.31 1 0
github.com/stephenirven/go-postgis/geo/gis_geometry.go:179.10,179.10 0 1
github.com/stephenirven/go-postgis/geo/gis_geometry.go:180.10,180.10 0 0
github.com/stephenirven/go-postgis/geo/gis_geometry.go:184.2,184.10 1 1
github.com/stephenirven/go-postgis/geo/gis_geometry.go:184.10,186.3 1 1
github.com/stephenirven/go-postgis/geo/gis_geometry.go:187.2,187.12 1 1
github.com/stephenirven/go-postgis/geo/gis_geometry.go:190.54,198.2 1 1
github.com/stephenirven/go-postgis/geo/gis_geometry.go:199.46,202.2 2 1
github.com/stephenirven/go-postgis/geo/gis_geometry.go:204.58,205.21 1 0
github.com/stephenirven/go-postgis/geo/gis_geometry.go:206.17,209.26 3 0
github.com/stephenirven/go-postgis/geo/gis_geometry.go:210.22,213.31 3 0
github.com/stephenirven/go-postgis/geo/gis_geometry.go:214.19,217.28 3 0
github.com/stephenirven/go-postgis/geo/gis_geometry.go:218.22,221.31 3 0
github.com/stephenirven/go-postgis/geo/gis_geometry.go:222.27,225.36 3 0
github.com/stephenirven/go-postgis/geo/gis_geometry.go:226.24,229.33 3 0
github.com/stephenirven/go-postgis/geo/gis_geometry.go:230.30,233.39 3 0
github.com/stephenirven/go-postgis/geo/gis_geometry.go:234.26,237.35 3 0
github.com/stephenirven/go-postgis/geo/gis_geometry.go:238.25,241.34 3 0
github.com/stephenirven/go-postgis/geo/gis_geometry.go:242.24,245.33 3 0
github.com/stephenirven/go-postgis/geo/gis_geometry.go:246.22,249.31 3 0
github.com/stephenirven/go-postgis/geo/gis_geometry.go:250.24,253.33 3 0
github.com/stephenirven/go-postgis/geo/gis_geometry.go:254.29,257.38 3 0
github.com/stephenirven/go-postgis/geo/gis_geometry.go:258.15,261.24 3 0
github.com/stephenirven/go-postgis/geo/gis_geometry.go:262.20,265.29 3 0
github.com/stephenirven/go-postgis/geo/gis_geometry.go:266.10,266.10 0 0
github.com/stephenirven/go-postgis/geo/gis_geometry.go:271.98,280.42 3 1
github.com/stephenirven/go-postgis/geo/gis_geometry.go:280.42,282.3 1 1
github.com/stephenirven/go-postgis/geo/gis_geometry.go:285.2,285.46 1 1
github.com/stephenirven/go-postgis/geo/gis_geometry.go:285.46,288.3 2 0
github.com/stephenirven/go-postgis/geo/gis_geometry.go:288.8,288.43 1 1
github.com/stephenirven/go-postgis/geo/gis_geometry.go:288.43,291.3 2 0
github.com/stephenirven/go-postgis/geo/gis_geometry.go:291.8,291.43 1 1
github.com/stephenirven/go-postgis/geo/gis_geometry.go:291.43,294.3 2 0
github.com/stephenirven/go-postgis/geo/gis_geometry.go:294.8,297.3 2 1
github.com/stephenirven/go-postgis/geo/gis_geometry.go:299.2,299.8 1 1
github.com/stephenirven/go-postgis/geo/gis_geometry.go:303.52,312.31 5 1
github.com/stephenirven/go-postgis/geo/gis_geometry.go:312.31,314.3 1 1
github.com/stephenirven/go-postgis/geo/gis_geometry.go:317.2,324.21 5 1
github.com/stephenirven/go-postgis/geo/gis_geometry.go:329.53,334.9 2 1
github.com/stephenirven/go-postgis/geo/gis_geometry.go:334.9,336.3 1 0
github.com/stephenirven/go-postgis/geo/gis_geometry.go:339.2,341.16 3 1
github.com/stephenirven/go-postgis/geo/gis_geometry.go:341.16,343.3 1 0
github.com/stephenirven/go-postgis/geo/gis_geometry.go:345.2,345.19 1 1
github.com/stephenirven/go-postgis/geo/gis_geometry.go:345.19,347.3 1 0
github.com/stephenirven/go-postgis/geo/gis_geometry.go:349.2,353.16 3 1
github.com/stephenirven/go-postgis/geo/gis_geometry.go:353.16,355.3 1 0
github.com/stephenirven/go-postgis/geo/gis_geometry.go:356.2,358.33 2 1
github.com/stephenirven/go-postgis/geo/gis_geometry.go:358.33,363.17 2 1
github.com/stephenirven/go-postgis/geo/gis_geometry.go:363.17,365.4 1 1
github.com/stephenirven/go-postgis/geo/gis_geometry.go:368.3,370.20 2 1
github.com/stephenirven/go-postgis/geo/gis_geometry.go:371.18,373.18 2 1
github.com/stephenirven/go-postgis/geo/gis_geometry.go:373.18,375.5 1 0
github.com/stephenirven/go-postgis/geo/gis_geometry.go:377.23,379.18 2 1
github.com/stephenirven/go-postgis/geo/gis_geometry.go:379.18,381.5 1 0
github.com/stephenirven/go-postgis/geo/gis_geometry.go:383.20,385.18 2 1
github.com/stephenirven/go-postgis/geo/gis_geometry.go:385.18,387.5 1 0
github.com/stephenirven/go-postgis/geo/gis_geometry.go:389.23,391.18 2 1
github.com/stephenirven/go-postgis/geo/gis_geometry.go:391.18,393.5 1 0
github.com/stephenirven/go-postgis/geo/gis_geometry.go:395.28,397.18 2 1
github.com/stephenirven/go-postgis/geo/gis_geometry.go:397.18,399.5 1 0
github.com/stephenirven/go-postgis/geo/gis_geometry.go:401.25,403.18 2 1
github.com/stephenirven/go-postgis/geo/gis_geometry.go:403.18,405.5 1 0
github.com/stephenirven/go-postgis/geo/gis_geometry.go:407.31,409.18 2 1
github.com/stephenirven/go-postgis/geo/gis_geometry.go:409.18,411.5 1 0
github.com/stephenirven/go-postgis/geo/gis_geometry.go:413.27,415.18 2 1
github.com/stephenirven/go-postgis/geo/gis_geometry.go:415.18,417.5 1 0
github.com/stephenirven/go-postgis/geo/gis_geometry.go:419.26,421.18 2 0
github.com/stephenirven/go-postgis/geo/gis_geometry.go:421.18,423.5 1 0
github.com/stephenirven/go-postgis/geo/gis_geometry.go:425.25,427.18 2 1
github.com/stephenirven/go-postgis/geo/gis_geometry.go:427.18,429.5 1 0
github.com/stephenirven/go-postgis/geo/gis_geometry.go:431.23,433.18 2 1
github.com/stephenirven/go-postgis/geo/gis_geometry.go:433.18,435.5 1 0
github.com/stephenirven/go-postgis/geo/gis_geometry.go:437.25,439.18 2 1
github.com/stephenirven/go-postgis/geo/gis_geometry.go:439.18,441.5 1 0
github.com/stephenirven/go-postgis/geo/gis_geometry.go:443.30,445.18 2 1
github.com/stephenirven/go-postgis/geo/gis_geometry.go:445.18,447.5 1 0
github.com/stephenirven/go-postgis/geo/gis_geometry.go:449.16,451.18 2 1
github.com/stephenirven/go-postgis/geo/gis_geometry.go:451.18,453.5 1 0
github.com/stephenirven/go-postgis/geo/gis_geometry.go:455.21,457.18 2 1
github.com/stephenirven/go-postgis/geo/gis_geometry.go:457.18,459.5 1 0
github.com/stephenirven/go-postgis/geo/gis_geometry.go:461.11,462.61 1 0
github.com/stephenirven/go-postgis/geo/gis_geometry.go:466.3,466.24 1 1
github.com/stephenirven/go-postgis/geo/gis_geometry.go:468.8,471.3 1 0
github.com/stephenirven/go-postgis/geo/gis_geometry.go:473.2,473.12 1 1
github.com/stephenirven/go-postgis/geo/line_string.go:26.58,28.2 1 1
github.com/stephenirven/go-postgis/geo/line_string.go:31.37,36.29 5 0
github.com/stephenirven/go-postgis/geo/line_string.go:36.29,39.3 2 0
github.com/stephenirven/go-postgis/geo/line_string.go:41.2,42.20 2 0
github.com/stephenirven/go-postgis/geo/line_string.go:46.48,48.2 1 1
github.com/stephenirven/go-postgis/geo/line_string.go:52.52,55.17 3 1
github.com/stephenirven/go-postgis/geo/line_string.go:55.17,57.3 1 0
github.com/stephenirven/go-postgis/geo/line_string.go:58.2,59.16 2 1
github.com/stephenirven/go-postgis/geo/line_string.go:63.72,65.2 1 1
github.com/stephenirven/go-postgis/geo/line_string.go:68.86,76.63 4 1
github.com/stephenirven/go-postgis/geo/line_string.go:76.63,78.3 1 0
github.com/stephenirven/go-postgis/geo/line_string.go:81.2,81.34 1 1
github.com/stephenirven/go-postgis/geo/line_string.go:81.34,83.17 2 1
github.com/stephenirven/go-postgis/geo/line_string.go:83.17,85.4 1 0
github.com/stephenirven/go-postgis/geo/line_string.go:86.3,86.40 1 1
github.com/stephenirven/go-postgis/geo/line_string.go:89.2,89.17 1 1
github.com/stephenirven/go-postgis/geo/line_string.go:93.63,97.20 2 1
github.com/stephenirven/go-postgis/geo/line_string.go:97.20,101.3 3 1
github.com/stephenirven/go-postgis/geo/line_string.go:104.2,108.29 3 1
github.com/stephenirven/go-postgis/geo/line_string.go:108.29,112.3 2 1
github.com/stephenirven/go-postgis/geo/line_string.go:113.2,113.13 1 1
github.com/stephenirven/go-postgis/geo/linear_ring.go:22.58,24.2 1 0
github.com/stephenirven/go-postgis/geo/linear_ring.go:27.37,32.29 5 0
github.com/stephenirven/go-postgis/geo/linear_ring.go:32.29,35.3 2 0
github.com/stephenirven/go-postgis/geo/linear_ring.go:37.2,38.20 2 0
github.com/stephenirven/go-postgis/geo/linear_ring.go:42.48,44.2 1 1
github.com/stephenirven/go-postgis/geo/linear_ring.go:47.72,49.2 1 1
github.com/stephenirven/go-postgis/geo/linear_ring.go:54.52,55.16 1 1
github.com/stephenirven/go-postgis/geo/linear_ring.go:55.16,57.3 1 0
github.com/stephenirven/go-postgis/geo/linear_ring.go:58.2,58.35 1 1
github.com/stephenirven/go-postgis/geo/linear_ring.go:58.35,60.3 1 0
github.com/stephenirven/go-postgis/geo/linear_ring.go:61.2,64.16 4 1
github.com/stephenirven/go-postgis/geo/linear_ring.go:68.86,72.17 3 1
github.com/stephenirven/go-postgis/geo/linear_ring.go:72.17,74.3 1 0
github.com/stephenirven/go-postgis/geo/linear_ring.go:75.2,77.63 2 1
github.com/stephenirven/go-postgis/geo/linear_ring.go:77.63,79.3 1 0
github.com/stephenirven/go-postgis/geo/linear_ring.go:81.2,81.34 1 1
github.com/stephenirven/go-postgis/geo/linear_ring.go:81.34,83.17 2 1
github.com/stephenirven/go-postgis/geo/linear_ring.go:83.17,85.4 1 0
github.com/stephenirven/go-postgis/geo/linear_ring.go:87.3,87.40 1 1
github.com/stephenirven/go-postgis/geo/linear_ring.go:89.2,89.59 1 1
github.com/stephenirven/go-postgis/geo/linear_ring.go:89.59,91.3 1 0
github.com/stephenirven/go-postgis/geo/linear_ring.go:93.2,93.17 1 1
github.com/stephenirven/go-postgis/geo/linear_ring.go:97.63,113.29 4 1
github.com/stephenirven/go-postgis/geo/linear_ring.go:113.29,117.3 2 1
github.com/stephenirven/go-postgis/geo/linear_ring.go:118.2,118.13 1 1
github.com/stephenirven/go-postgis/geo/multi_curve.go:21.58,23.2 1 1
github.com/stephenirven/go-postgis/geo/multi_curve.go:26.38,31.32 5 0
github.com/stephenirven/go-postgis/geo/multi_curve.go:31.32,34.3 2 0
github.com/stephenirven/go-postgis/geo/multi_curve.go:36.2,37.20 2 0
github.com/stephenirven/go-postgis/geo/multi_curve.go:41.49,43.2 1 1
github.com/stephenirven/go-postgis/geo/multi_curve.go:48.43,51.2 2 1
github.com/stephenirven/go-postgis/geo/multi_curve.go:53.58,54.61 1 1
github.com/stephenirven/go-postgis/geo/multi_curve.go:54.61,56.3 1 0
github.com/stephenirven/go-postgis/geo/multi_curve.go:57.2,57.28 1 1
github.com/stephenirven/go-postgis/geo/multi_curve.go:57.28,59.3 1 0
github.com/stephenirven/go-postgis/geo/multi_curve.go:60.2,61.12 2 1
github.com/stephenirven/go-postgis/geo/multi_curve.go:63.67,64.58 1 1
github.com/stephenirven/go-postgis/geo/multi_curve.go:64.58,66.3 1 0
github.com/stephenirven/go-postgis/geo/multi_curve.go:67.2,67.28 1 1
github.com/stephenirven/go-postgis/geo/multi_curve.go:67.28,69.3 1 1
github.com/stephenirven/go-postgis/geo/multi_curve.go:70.2,71.12 2 1
github.com/stephenirven/go-postgis/geo/multi_curve.go:73.65,74.58 1 1
github.com/stephenirven/go-postgis/geo/multi_curve.go:74.58,76.3 1 0
github.com/stephenirven/go-postgis/geo/multi_curve.go:77.2,77.28 1 1
github.com/stephenirven/go-postgis/geo/multi_curve.go:77.28,79.3 1 0
github.com/stephenirven/go-postgis/geo/multi_curve.go:80.2,81.12 2 1
github.com/stephenirven/go-postgis/geo/multi_curve.go:85.86,89.17 3 1
github.com/stephenirven/go-postgis/geo/multi_curve.go:89.17,91.3 1 0
github.com/stephenirven/go-postgis/geo/multi_curve.go:92.2,94.34 2 1
github.com/stephenirven/go-postgis/geo/multi_curve.go:94.34,104.18 5 1
github.com/stephenirven/go-postgis/geo/multi_curve.go:106.23,108.18 2 1
github.com/stephenirven/go-postgis/geo/multi_curve.go:108.18,110.5 1 0
github.com/stephenirven/go-postgis/geo/multi_curve.go:111.27,113.18 2 1
github.com/stephenirven/go-postgis/geo/multi_curve.go:113.18,115.5 1 0
github.com/stephenirven/go-postgis/geo/multi_curve.go:117.26,119.18 2 1
github.com/stephenirven/go-postgis/geo/multi_curve.go:119.18,121.5 1 0
github.com/stephenirven/go-postgis/geo/multi_curve.go:124.3,124.62 1 1
github.com/stephenirven/go-postgis/geo/multi_curve.go:128.2,128.25 1 1
github.com/stephenirven/go-postgis/geo/multi_curve.go:132.64,136.20 2 1
github.com/stephenirven/go-postgis/geo/multi_curve.go:136.20,140.3 3 1
github.com/stephenirven/go-postgis/geo/multi_curve.go:142.2,145.32 3 1
github.com/stephenirven/go-postgis/geo/multi_curve.go:145.32,150.24 3 1
github.com/stephenirven/go-postgis/geo/multi_curve.go:151.24,152.74 1 1
github.com/stephenirven/go-postgis/geo/multi_curve.go:153.23,154.73 1 1
github.com/stephenirven/go-postgis/geo/multi_curve.go:155.20,156.70 1 1
github.com/stephenirven/go-postgis/geo/multi_curve.go:157.11,158.98 1 0
github.com/stephenirven/go-postgis/geo/multi_curve.go:160.3,162.18 3 1
github.com/stephenirven/go-postgis/geo/multi_curve.go:165.2,165.13 1 1
github.com/stephenirven/go-postgis/geo/multi_line_string.go:21.63,23.2 1 1
github.com/stephenirven/go-postgis/geo/multi_line_string.go:26.44,31.36 5 0
github.com/stephenirven/go-postgis/geo/multi_line_string.go:31.36,34.3 2 0
github.com/stephenirven/go-postgis/geo/multi_line_string.go:36.2,37.20 2 0
github.com/stephenirven/go-postgis/geo/multi_line_string.go:41.55,43.2 1 1
github.com/stephenirven/go-postgis/geo/multi_line_string.go:47.67,50.16 3 1
github.com/stephenirven/go-postgis/geo/multi_line_string.go:50.16,52.3 1 0
github.com/stephenirven/go-postgis/geo/multi_line_string.go:53.2,55.16 2 1
github.com/stephenirven/go-postgis/geo/multi_line_string.go:59.101,63.22 3 1
github.com/stephenirven/go-postgis/geo/multi_line_string.go:63.22,65.3 1 0
github.com/stephenirven/go-postgis/geo/multi_line_string.go:66.2,68.34 2 1
github.com/stephenirven/go-postgis/geo/multi_line_string.go:68.34,77.17 4 1
github.com/stephenirven/go-postgis/geo/multi_line_string.go:77.17,79.4 1 0
github.com/stephenirven/go-postgis/geo/multi_line_string.go:81.3,81.57 1 1
github.com/stephenirven/go-postgis/geo/multi_line_string.go:84.2,84.18 1 1
github.com/stephenirven/go-postgis/geo/multi_line_string.go:88.69,92.20 2 1
github.com/stephenirven/go-postgis/geo/multi_line_string.go:92.20,96.3 3 1
github.com/stephenirven/go-postgis/geo/multi_line_string.go:98.2,102.35 3 1
github.com/stephenirven/go-postgis/geo/multi_line_string.go:102.35,110.3 5 1
github.com/stephenirven/go-postgis/geo/multi_line_string.go:111.2,111.13 1 1
github.com/stephenirven/go-postgis/geo/multi_point.go:20.58,22.2 1 1
github.com/stephenirven/go-postgis/geo/multi_point.go:25.38,30.30 5 0
github.com/stephenirven/go-postgis/geo/multi_point.go:30.30,33.3 2 0
github.com/stephenirven/go-postgis/geo/multi_point.go:35.2,36.20 2 0
github.com/stephenirven/go-postgis/geo/multi_point.go:40.49,42.2 1 1
github.com/stephenirven/go-postgis/geo/multi_point.go:46.52,49.17 3 1
github.com/stephenirven/go-postgis/geo/multi_point.go:49.17,51.3 1 0
github.com/stephenirven/go-postgis/geo/multi_point.go:52.2,53.17 2 1
github.com/stephenirven/go-postgis/geo/multi_point.go:57.91,61.22 3 1
github.com/stephenirven/go-postgis/geo/multi_point.go:61.22,63.3 1 0
github.com/stephenirven/go-postgis/geo/multi_point.go:64.2,66.34 2 1
github.com/stephenirven/go-postgis/geo/multi_point.go:66.34,71.17 4 1
github.com/stephenirven/go-postgis/geo/multi_point.go:71.17,73.4 1 0
github.com/stephenirven/go-postgis/geo/multi_point.go:74.3,74.40 1 1
github.com/stephenirven/go-postgis/geo/multi_point.go:77.2,77.17 1 1
github.com/stephenirven/go-postgis/geo/multi_point.go:81.64,85.20 2 1
github.com/stephenirven/go-postgis/geo/multi_point.go:85.20,89.3 3 1
github.com/stephenirven/go-postgis/geo/multi_point.go:91.2,94.30 3 1
github.com/stephenirven/go-postgis/geo/multi_point.go:94.30,100.3 5 1
github.com/stephenirven/go-postgis/geo/multi_point.go:101.2,101.13 1 1
github.com/stephenirven/go-postgis/geo/multi_polygon.go:21.60,23.2 1 1
github.com/stephenirven/go-postgis/geo/multi_polygon.go:26.40,31.32 5 0
github.com/stephenirven/go-postgis/geo/multi_polygon.go:31.32,34.3 2 0
github.com/stephenirven/go-postgis/geo/multi_polygon.go:36.2,37.20 2 0
github.com/stephenirven/go-postgis/geo/multi_polygon.go:41.51,43.2 1 1
github.com/stephenirven/go-postgis/geo/multi_polygon.go:47.58,50.17 3 1
github.com/stephenirven/go-postgis/geo/multi_polygon.go:50.17,52.3 1 0
github.com/stephenirven/go-postgis/geo/multi_polygon.go:53.2,54.17 2 1
github.com/stephenirven/go-postgis/geo/multi_polygon.go:58.95,62.22 3 1
github.com/stephenirven/go-postgis/geo/multi_polygon.go:62.22,64.3 1 0
github.com/stephenirven/go-postgis/geo/multi_polygon.go:66.2,68.34 2 1
github.com/stephenirven/go-postgis/geo/multi_polygon.go:68.34,77.17 4 1
github.com/stephenirven/go-postgis/geo/multi_polygon.go:77.17,79.4 1 0
github.com/stephenirven/go-postgis/geo/multi_polygon.go:81.3,81.60 1 1
github.com/stephenirven/go-postgis/geo/multi_polygon.go:84.2,84.24 1 1
github.com/stephenirven/go-postgis/geo/multi_polygon.go:88.66,92.20 2 1
github.com/stephenirven/go-postgis/geo/multi_polygon.go:92.20,96.3 3 1
github.com/stephenirven/go-postgis/geo/multi_polygon.go:98.2,102.32 3 1
github.com/stephenirven/go-postgis/geo/multi_polygon.go:102.32,109.3 5 1
github.com/stephenirven/go-postgis/geo/multi_polygon.go:110.2,110.13 1 1
github.com/stephenirven/go-postgis/geo/multi_surface.go:20.60,22.2 1 1
github.com/stephenirven/go-postgis/geo/multi_surface.go:25.40,30.32 5 0
github.com/stephenirven/go-postgis/geo/multi_surface.go:30.32,33.3 2 0
github.com/stephenirven/go-postgis/geo/multi_surface.go:35.2,36.20 2 0
github.com/stephenirven/go-postgis/geo/multi_surface.go:40.51,42.2 1 1
github.com/stephenirven/go-postgis/geo/multi_surface.go:47.47,50.2 2 1
github.com/stephenirven/go-postgis/geo/multi_surface.go:52.54,53.61 1 1
github.com/stephenirven/go-postgis/geo/multi_surface.go:53.61,55.3 1 0
github.com/stephenirven/go-postgis/geo/multi_surface.go:56.2,56.28 1 1
github.com/stephenirven/go-postgis/geo/multi_surface.go:56.28,58.3 1 1
github.com/stephenirven/go-postgis/geo/multi_surface.go:59.2,60.12 2 1
github.com/stephenirven/go-postgis/geo/multi_surface.go:63.65,64.62 1 1
github.com/stephenirven/go-postgis/geo/multi_surface.go:64.62,66.3 1 0
github.com/stephenirven/go-postgis/geo/multi_surface.go:67.2,67.28 1 1
github.com/stephenirven/go-postgis/geo/multi_surface.go:67.28,69.3 1 0
github.com/stephenirven/go-postgis/geo/multi_surface.go:70.2,71.12 2 1
github.com/stephenirven/go-postgis/geo/multi_surface.go:75.95,79.22 3 1
github.com/stephenirven/go-postgis/geo/multi_surface.go:79.22,81.3 1 0
github.com/stephenirven/go-postgis/geo/multi_surface.go:82.2,84.34 2 1
github.com/stephenirven/go-postgis/geo/multi_surface.go:84.34,90.43 5 1
github.com/stephenirven/go-postgis/geo/multi_surface.go:90.43,93.4 1 0
github.com/stephenirven/go-postgis/geo/multi_surface.go:95.3,98.18 3 1
github.com/stephenirven/go-postgis/geo/multi_surface.go:99.20,101.18 2 1
github.com/stephenirven/go-postgis/geo/multi_surface.go:101.18,103.5 1 0
github.com/stephenirven/go-postgis/geo/multi_surface.go:104.25,106.18 2 1
github.com/stephenirven/go-postgis/geo/multi_surface.go:106.18,108.5 1 0
github.com/stephenirven/go-postgis/geo/multi_surface.go:109.11,110.85 1 0
github.com/stephenirven/go-postgis/geo/multi_surface.go:113.3,113.66 1 1
github.com/stephenirven/go-postgis/geo/multi_surface.go:117.2,117.27 1 1
github.com/stephenirven/go-postgis/geo/multi_surface.go:121.66,125.20 2 1
github.com/stephenirven/go-postgis/geo/multi_surface.go:125.20,129.3 3 1
github.com/stephenirven/go-postgis/geo/multi_surface.go:131.2,134.32 3 1
github.com/stephenirven/go-postgis/geo/multi_surface.go:134.32,138.28 3 1
github.com/stephenirven/go-postgis/geo/multi_surface.go:139.22,140.72 1 1
github.com/stephenirven/go-postgis/geo/multi_surface.go:141.17,142.67 1 1
github.com/stephenirven/go-postgis/geo/multi_surface.go:143.11,144.80 1 0
github.com/stephenirven/go-postgis/geo/multi_surface.go:146.3,148.18 3 1
github.com/stephenirven/go-postgis/geo/multi_surface.go:150.2,150.13 1 1
github.com/stephenirven/go-postgis/geo/point.go:23.53,25.2 1 1
github.com/stephenirven/go-postgis/geo/point.go:28.43,30.2 1 1
github.com/stephenirven/go-postgis/geo/point.go:33.32,35.2 1 0
github.com/stephenirven/go-postgis/geo/point.go:38.52,39.20 1 1
github.com/stephenirven/go-postgis/geo/point.go:40.10,41.12 1 1
github.com/stephenirven/go-postgis/geo/point.go:42.11,43.12 1 1
github.com/stephenirven/go-postgis/geo/point.go:44.11,45.12 1 1
github.com/stephenirven/go-postgis/geo/point.go:46.12,47.12 1 1
github.com/stephenirven/go-postgis/geo/point.go:50.2,50.10 1 0
github.com/stephenirven/go-postgis/geo/point.go:55.67,56.49 1 1
github.com/stephenirven/go-postgis/geo/point.go:56.49,58.3 1 0
github.com/stephenirven/go-postgis/geo/point.go:60.2,63.8 1 1
github.com/stephenirven/go-postgis/geo/point.go:67.81,69.53 1 1
github.com/stephenirven/go-postgis/geo/point.go:69.53,71.3 1 0
github.com/stephenirven/go-postgis/geo/point.go:72.2,74.68 3 1
github.com/stephenirven/go-postgis/geo/point.go:74.68,76.3 1 1
github.com/stephenirven/go-postgis/geo/point.go:78.2,78.16 1 1
github.com/stephenirven/go-postgis/geo/point.go:82.58,86.20 2 1
github.com/stephenirven/go-postgis/geo/point.go:86.20,90.3 3 1
github.com/stephenirven/go-postgis/geo/point.go:93.2,93.29 1 1
github.com/stephenirven/go-postgis/geo/point.go:93.29,96.3 2 1
github.com/stephenirven/go-postgis/geo/point.go:97.2,97.13 1 1
github.com/stephenirven/go-postgis/geo/polygon.go:22.55,24.2 1 1
github.com/stephenirven/go-postgis/geo/polygon.go:27.34,32.34 5 0
github.com/stephenirven/go-postgis/geo/polygon.go:32.34,35.3 2 0
github.com/stephenirven/go-postgis/geo/polygon.go:37.2,38.20 2 0
github.com/stephenirven/go-postgis/geo/polygon.go:42.45,44.2 1 1
github.com/stephenirven/go-postgis/geo/polygon.go:47.51,52.2 4 1
github.com/stephenirven/go-postgis/geo/polygon.go:55.85,58.22 3 1
github.com/stephenirven/go-postgis/geo/polygon.go:58.22,60.3 1 0
github.com/stephenirven/go-postgis/geo/polygon.go:61.2,63.15 2 1
github.com/stephenirven/go-postgis/geo/polygon.go:63.15,65.3 1 0
github.com/stephenirven/go-postgis/geo/polygon.go:67.2,67.34 1 1
github.com/stephenirven/go-postgis/geo/polygon.go:67.34,69.17 2 1
github.com/stephenirven/go-postgis/geo/polygon.go:69.17,71.4 1 0
github.com/stephenirven/go-postgis/geo/polygon.go:72.3,72.59 1 1
github.com/stephenirven/go-postgis/geo/polygon.go:75.2,75.19 1 1
github.com/stephenirven/go-postgis/geo/polygon.go:79.60,83.20 2 1
github.com/stephenirven/go-postgis/geo/polygon.go:83.20,87.3 3 1
github.com/stephenirven/go-postgis/geo/polygon.go:90.2,93.34 3 1
github.com/stephenirven/go-postgis/geo/polygon.go:93.34,99.3 2 1
github.com/stephenirven/go-postgis/geo/polygon.go:100.2,100.13 1 1
github.com/stephenirven/go-postgis/geo/polyhedral_surface.go:22.65,24.2 1 1
github.com/stephenirven/go-postgis/geo/polyhedral_surface.go:27.44,32.31 5 0
github.com/stephenirven/go-postgis/geo/polyhedral_surface.go:32.31,35.3 2 0
github.com/stephenirven/go-postgis/geo/polyhedral_surface.go:37.2,38.20 2 0
github.com/stephenirven/go-postgis/geo/polyhedral_surface.go:42.55,44.2 1 1
github.com/stephenirven/go-postgis/geo/polyhedral_surface.go:48.68,51.17 3 1
github.com/stephenirven/go-postgis/geo/polyhedral_surface.go:51.17,53.3 1 0
github.com/stephenirven/go-postgis/geo/polyhedral_surface.go:54.2,55.19 2 1
github.com/stephenirven/go-postgis/geo/polyhedral_surface.go:59.100,63.17 3 1
github.com/stephenirven/go-postgis/geo/polyhedral_surface.go:63.17,65.3 1 0
github.com/stephenirven/go-postgis/geo/polyhedral_surface.go:66.2,68.34 2 1
github.com/stephenirven/go-postgis/geo/polyhedral_surface.go:68.34,77.17 4 1
github.com/stephenirven/go-postgis/geo/polyhedral_surface.go:77.17,79.4 1 0
github.com/stephenirven/go-postgis/geo/polyhedral_surface.go:80.3,80.76 1 1
github.com/stephenirven/go-postgis/geo/polyhedral_surface.go:83.2,83.32 1 1
github.com/stephenirven/go-postgis/geo/polyhedral_surface.go:87.71,91.20 2 1
github.com/stephenirven/go-postgis/geo/polyhedral_surface.go:91.20,95.3 3 1
github.com/stephenirven/go-postgis/geo/polyhedral_surface.go:97.2,100.32 3 1
github.com/stephenirven/go-postgis/geo/polyhedral_surface.go:100.32,106.3 5 1
github.com/stephenirven/go-postgis/geo/polyhedral_surface.go:107.2,107.13 1 1
github.com/stephenirven/go-postgis/geo/tin.go:21.51,23.2 1 1
github.com/stephenirven/go-postgis/geo/tin.go:26.30,31.34 5 0
github.com/stephenirven/go-postgis/geo/tin.go:31.34,34.3 2 0
github.com/stephenirven/go-postgis/geo/tin.go:36.2,37.20 2 0
github.com/stephenirven/go-postgis/geo/tin.go:41.41,43.2 1 1
github.com/stephenirven/go-postgis/geo/tin.go:47.41,50.16 3 1
github.com/stephenirven/go-postgis/geo/tin.go:50.16,52.3 1 0
github.com/stephenirven/go-postgis/geo/tin.go:53.2,54.17 2 1
github.com/stephenirven/go-postgis/geo/tin.go:58.72,62.17 3 1
github.com/stephenirven/go-postgis/geo/tin.go:62.17,64.3 1 0
github.com/stephenirven/go-postgis/geo/tin.go:66.2,68.34 2 1
github.com/stephenirven/go-postgis/geo/tin.go:68.34,75.17 4 1
github.com/stephenirven/go-postgis/geo/tin.go:75.17,77.4 1 0
github.com/stephenirven/go-postgis/geo/tin.go:79.3,79.51 1 1
github.com/stephenirven/go-postgis/geo/tin.go:82.2,82.18 1 1
github.com/stephenirven/go-postgis/geo/tin.go:86.56,90.20 2 1
github.com/stephenirven/go-postgis/geo/tin.go:90.20,94.3 3 1
github.com/stephenirven/go-postgis/geo/tin.go:96.2,99.32 3 1
github.com/stephenirven/go-postgis/geo/tin.go:99.32,106.3 5 1
github.com/stephenirven/go-postgis/geo/tin.go:107.2,107.13 1 1
github.com/stephenirven/go-postgis/geo/triangle.go:24.56,26.2 1 1
github.com/stephenirven/go-postgis/geo/triangle.go:29.35,34.29 5 0
github.com/stephenirven/go-postgis/geo/triangle.go:34.29,37.3 2 0
github.com/stephenirven/go-postgis/geo/triangle.go:39.2,40.20 2 0
github.com/stephenirven/go-postgis/geo/triangle.go:44.46,46.2 1 1
github.com/stephenirven/go-postgis/geo/triangle.go:50.49,51.28 1 1
github.com/stephenirven/go-postgis/geo/triangle.go:51.28,53.3 1 0
github.com/stephenirven/go-postgis/geo/triangle.go:55.2,58.8 1 1
github.com/stephenirven/go-postgis/geo/triangle.go:63.82,67.17 3 1
github.com/stephenirven/go-postgis/geo/triangle.go:67.17,69.3 1 0
github.com/stephenirven/go-postgis/geo/triangle.go:71.2,75.21 3 1
github.com/stephenirven/go-postgis/geo/triangle.go:75.21,77.3 1 0
github.com/stephenirven/go-postgis/geo/triangle.go:79.2,79.25 1 1
github.com/stephenirven/go-postgis/geo/triangle.go:79.25,81.17 2 1
github.com/stephenirven/go-postgis/geo/triangle.go:81.17,83.4 1 0
github.com/stephenirven/go-postgis/geo/triangle.go:84.3,84.23 1 1
github.com/stephenirven/go-postgis/geo/triangle.go:86.2,86.42 1 1
github.com/stephenirven/go-postgis/geo/triangle.go:86.42,88.3 1 0
github.com/stephenirven/go-postgis/geo/triangle.go:90.2,90.16 1 1
github.com/stephenirven/go-postgis/geo/triangle.go:94.61,98.20 2 1
github.com/stephenirven/go-postgis/geo/triangle.go:98.20,102.3 3 1
github.com/stephenirven/go-postgis/geo/triangle.go:104.2,110.29 5 1
github.com/stephenirven/go-postgis/geo/triangle.go:110.29,114.3 2 1
github.com/stephenirven/go-postgis/geo/triangle.go:115.2,115.13 1 1
